2023-06-07 00:05:17.784  INFO 17148 --- [main] com.example.demo.DemoApplicationTests    : Starting DemoApplicationTests using Java 17.0.2 on LAPTOP-SEBE6MQD with PID 17148 (started by 27642 in E:\大学资料\大二下实训\Code\demo)
2023-06-07 00:05:17.784  INFO 17148 --- [main] com.example.demo.DemoApplicationTests    : No active profile set, falling back to 1 default profile: "default"
2023-06-07 00:05:19.352  INFO 17148 --- [main] o.s.b.a.w.s.WelcomePageHandlerMapping    : Adding welcome page: class path resource [static/index.html]
2023-06-07 00:05:19.727  INFO 17148 --- [main] com.example.demo.DemoApplicationTests    : Started DemoApplicationTests in 2.294 seconds (JVM running for 3.442)
2023-06-07 00:05:20.661  INFO 17148 --- [main] com.example.demo.DemoApplicationTests    : >>insert用户插入测试成功
2023-06-07 00:09:43.945  INFO 27668 --- [main] com.example.demo.DemoApplicationTests    : Starting DemoApplicationTests using Java 17.0.2 on LAPTOP-SEBE6MQD with PID 27668 (started by 27642 in E:\大学资料\大二下实训\Code\demo)
2023-06-07 00:09:43.947  INFO 27668 --- [main] com.example.demo.DemoApplicationTests    : No active profile set, falling back to 1 default profile: "default"
2023-06-07 00:09:45.525  INFO 27668 --- [main] o.s.b.a.w.s.WelcomePageHandlerMapping    : Adding welcome page: class path resource [static/index.html]
2023-06-07 00:09:45.826  INFO 27668 --- [main] com.example.demo.DemoApplicationTests    : Started DemoApplicationTests in 2.235 seconds (JVM running for 3.34)
2023-06-07 00:09:46.840  INFO 27668 --- [main] com.example.demo.DemoApplicationTests    : >>insert用户插入测试成功
2023-06-07 00:12:56.193  INFO 26356 --- [main] com.example.demo.DemoApplicationTests    : Starting DemoApplicationTests using Java 17.0.2 on LAPTOP-SEBE6MQD with PID 26356 (started by 27642 in E:\大学资料\大二下实训\Code\demo)
2023-06-07 00:12:56.194  INFO 26356 --- [main] com.example.demo.DemoApplicationTests    : No active profile set, falling back to 1 default profile: "default"
2023-06-07 00:12:57.685  INFO 26356 --- [main] o.s.b.a.w.s.WelcomePageHandlerMapping    : Adding welcome page: class path resource [static/index.html]
2023-06-07 00:12:57.979  INFO 26356 --- [main] com.example.demo.DemoApplicationTests    : Started DemoApplicationTests in 2.17 seconds (JVM running for 3.338)
2023-06-07 00:12:58.924  INFO 26356 --- [main] com.example.demo.DemoApplicationTests    : >>insert用户插入测试成功
2023-06-07 00:13:04.621  INFO 21236 --- [main] com.example.demo.DemoApplicationTests    : Starting DemoApplicationTests using Java 17.0.2 on LAPTOP-SEBE6MQD with PID 21236 (started by 27642 in E:\大学资料\大二下实训\Code\demo)
2023-06-07 00:13:04.622  INFO 21236 --- [main] com.example.demo.DemoApplicationTests    : No active profile set, falling back to 1 default profile: "default"
2023-06-07 00:13:06.324  INFO 21236 --- [main] o.s.b.a.w.s.WelcomePageHandlerMapping    : Adding welcome page: class path resource [static/index.html]
2023-06-07 00:13:06.658  INFO 21236 --- [main] com.example.demo.DemoApplicationTests    : Started DemoApplicationTests in 2.378 seconds (JVM running for 3.519)
2023-06-07 00:13:07.806  INFO 21236 --- [main] com.example.demo.DemoApplicationTests    : >>insert用户插入测试成功
2023-06-07 00:14:15.495  INFO 28232 --- [main] com.example.demo.DemoApplicationTests    : Starting DemoApplicationTests using Java 17.0.2 on LAPTOP-SEBE6MQD with PID 28232 (started by 27642 in E:\大学资料\大二下实训\Code\demo)
2023-06-07 00:14:15.497  INFO 28232 --- [main] com.example.demo.DemoApplicationTests    : No active profile set, falling back to 1 default profile: "default"
2023-06-07 00:14:17.068  INFO 28232 --- [main] o.s.b.a.w.s.WelcomePageHandlerMapping    : Adding welcome page: class path resource [static/index.html]
2023-06-07 00:14:17.386  INFO 28232 --- [main] com.example.demo.DemoApplicationTests    : Started DemoApplicationTests in 2.236 seconds (JVM running for 3.365)
2023-06-07 00:14:18.409  INFO 28232 --- [main] com.example.demo.DemoApplicationTests    : >>insert用户插入测试成功
2023-06-07 00:17:28.331  INFO 11372 --- [main] com.example.demo.DemoApplicationTests    : Starting DemoApplicationTests using Java 17.0.2 on LAPTOP-SEBE6MQD with PID 11372 (started by 27642 in E:\大学资料\大二下实训\Code\demo)
2023-06-07 00:17:28.332  INFO 11372 --- [main] com.example.demo.DemoApplicationTests    : No active profile set, falling back to 1 default profile: "default"
2023-06-07 00:17:29.964  INFO 11372 --- [main] o.s.b.a.w.s.WelcomePageHandlerMapping    : Adding welcome page: class path resource [static/index.html]
2023-06-07 00:17:30.272  INFO 11372 --- [main] com.example.demo.DemoApplicationTests    : Started DemoApplicationTests in 2.278 seconds (JVM running for 3.333)
2023-06-07 00:17:31.228  INFO 11372 --- [main] com.example.demo.DemoApplicationTests    : >>insert用户插入测试成功
2023-06-07 00:20:41.938  INFO 21688 --- [main] com.example.demo.DemoApplicationTests    : Starting DemoApplicationTests using Java 17.0.2 on LAPTOP-SEBE6MQD with PID 21688 (started by 27642 in E:\大学资料\大二下实训\Code\demo)
2023-06-07 00:20:41.940  INFO 21688 --- [main] com.example.demo.DemoApplicationTests    : No active profile set, falling back to 1 default profile: "default"
2023-06-07 00:20:43.666  INFO 21688 --- [main] o.s.b.a.w.s.WelcomePageHandlerMapping    : Adding welcome page: class path resource [static/index.html]
2023-06-07 00:20:43.957  INFO 21688 --- [main] com.example.demo.DemoApplicationTests    : Started DemoApplicationTests in 2.359 seconds (JVM running for 3.508)
2023-06-07 00:20:44.949  INFO 21688 --- [main] com.example.demo.DemoApplicationTests    : >>insert用户插入测试成功
2023-06-07 00:26:41.062  INFO 18076 --- [main] com.example.demo.DemoApplicationTests    : Starting DemoApplicationTests using Java 17.0.2 on LAPTOP-SEBE6MQD with PID 18076 (started by 27642 in E:\大学资料\大二下实训\Code\demo)
2023-06-07 00:26:41.064  INFO 18076 --- [main] com.example.demo.DemoApplicationTests    : No active profile set, falling back to 1 default profile: "default"
2023-06-07 00:26:42.746  INFO 18076 --- [main] o.s.b.a.w.s.WelcomePageHandlerMapping    : Adding welcome page: class path resource [static/index.html]
2023-06-07 00:26:43.044  INFO 18076 --- [main] com.example.demo.DemoApplicationTests    : Started DemoApplicationTests in 2.328 seconds (JVM running for 3.488)
2023-06-07 00:26:44.050  INFO 18076 --- [main] com.example.demo.DemoApplicationTests    : >>insert用户插入测试成功
2023-06-07 00:28:19.999  INFO 28360 --- [main] com.example.demo.DemoApplicationTests    : Starting DemoApplicationTests using Java 17.0.2 on LAPTOP-SEBE6MQD with PID 28360 (started by 27642 in E:\大学资料\大二下实训\Code\demo)
2023-06-07 00:28:20.001  INFO 28360 --- [main] com.example.demo.DemoApplicationTests    : No active profile set, falling back to 1 default profile: "default"
2023-06-07 00:28:22.012  INFO 28360 --- [main] o.s.b.a.w.s.WelcomePageHandlerMapping    : Adding welcome page: class path resource [static/index.html]
2023-06-07 00:28:22.427  INFO 28360 --- [main] com.example.demo.DemoApplicationTests    : Started DemoApplicationTests in 2.817 seconds (JVM running for 4.044)
2023-06-07 00:28:24.471  INFO 28360 --- [main] com.example.demo.DemoApplicationTests    : >>insert用户插入测试成功
2023-06-07 00:29:06.076  INFO 20700 --- [main] com.example.demo.DemoApplicationTests    : Starting DemoApplicationTests using Java 17.0.2 on LAPTOP-SEBE6MQD with PID 20700 (started by 27642 in E:\大学资料\大二下实训\Code\demo)
2023-06-07 00:29:06.079  INFO 20700 --- [main] com.example.demo.DemoApplicationTests    : No active profile set, falling back to 1 default profile: "default"
2023-06-07 00:29:07.979  INFO 20700 --- [main] o.s.b.a.w.s.WelcomePageHandlerMapping    : Adding welcome page: class path resource [static/index.html]
2023-06-07 00:29:08.292  INFO 20700 --- [main] com.example.demo.DemoApplicationTests    : Started DemoApplicationTests in 2.598 seconds (JVM running for 3.856)
2023-06-07 00:29:10.014  INFO 20700 --- [main] com.example.demo.DemoApplicationTests    : >>insert用户插入测试成功
2023-06-07 00:30:14.877  INFO 5472 --- [main] com.example.demo.DemoApplicationTests    : Starting DemoApplicationTests using Java 17.0.2 on LAPTOP-SEBE6MQD with PID 5472 (started by 27642 in E:\大学资料\大二下实训\Code\demo)
2023-06-07 00:30:14.879  INFO 5472 --- [main] com.example.demo.DemoApplicationTests    : No active profile set, falling back to 1 default profile: "default"
2023-06-07 00:30:16.829  INFO 5472 --- [main] o.s.b.a.w.s.WelcomePageHandlerMapping    : Adding welcome page: class path resource [static/index.html]
2023-06-07 00:30:17.229  INFO 5472 --- [main] com.example.demo.DemoApplicationTests    : Started DemoApplicationTests in 2.737 seconds (JVM running for 4.011)
2023-06-07 00:30:28.763  INFO 5472 --- [main] com.example.demo.DemoApplicationTests    : >>insert用户插入测试成功
2023-06-07 00:41:49.465  INFO 13536 --- [main] com.example.demo.DemoApplicationTests    : Starting DemoApplicationTests using Java 17.0.2 on LAPTOP-SEBE6MQD with PID 13536 (started by 27642 in E:\大学资料\大二下实训\Code\demo)
2023-06-07 00:41:49.467  INFO 13536 --- [main] com.example.demo.DemoApplicationTests    : No active profile set, falling back to 1 default profile: "default"
2023-06-07 00:41:51.129  INFO 13536 --- [main] o.s.b.a.w.s.WelcomePageHandlerMapping    : Adding welcome page: class path resource [static/index.html]
2023-06-07 00:41:51.448  INFO 13536 --- [main] com.example.demo.DemoApplicationTests    : Started DemoApplicationTests in 2.323 seconds (JVM running for 3.516)
2023-06-07 00:41:52.461  INFO 13536 --- [main] com.example.demo.DemoApplicationTests    : >>insert用户插入测试成功
2023-06-07 00:44:59.839  INFO 16396 --- [main] com.example.demo.DemoApplicationTests    : Starting DemoApplicationTests using Java 17.0.2 on LAPTOP-SEBE6MQD with PID 16396 (started by 27642 in E:\大学资料\大二下实训\Code\demo)
2023-06-07 00:44:59.840  INFO 16396 --- [main] com.example.demo.DemoApplicationTests    : No active profile set, falling back to 1 default profile: "default"
2023-06-07 00:45:01.027  INFO 16396 --- [main] o.s.b.a.w.s.WelcomePageHandlerMapping    : Adding welcome page: class path resource [static/index.html]
2023-06-07 00:45:01.304  INFO 16396 --- [main] com.example.demo.DemoApplicationTests    : Started DemoApplicationTests in 1.676 seconds (JVM running for 2.236)
2023-06-07 00:45:01.962  INFO 16396 --- [main] com.example.demo.DemoApplicationTests    : >>insert用户插入测试成功
2023-06-07 00:55:03.456  INFO 18336 --- [main] com.example.demo.DemoApplicationTests    : Starting DemoApplicationTests using Java 17.0.2 on LAPTOP-SEBE6MQD with PID 18336 (started by 27642 in E:\大学资料\大二下实训\Code\demo)
2023-06-07 00:55:03.457  INFO 18336 --- [main] com.example.demo.DemoApplicationTests    : No active profile set, falling back to 1 default profile: "default"
2023-06-07 00:55:05.172  INFO 18336 --- [main] o.s.b.a.w.s.WelcomePageHandlerMapping    : Adding welcome page: class path resource [static/index.html]
2023-06-07 00:55:05.506  INFO 18336 --- [main] com.example.demo.DemoApplicationTests    : Started DemoApplicationTests in 2.376 seconds (JVM running for 3.53)
2023-06-07 00:55:06.535  INFO 18336 --- [main] com.example.demo.DemoApplicationTests    : >>insert用户插入测试成功
2023-06-07 00:55:39.790  INFO 21900 --- [main] com.example.demo.DemoApplicationTests    : Starting DemoApplicationTests using Java 17.0.2 on LAPTOP-SEBE6MQD with PID 21900 (started by 27642 in E:\大学资料\大二下实训\Code\demo)
2023-06-07 00:55:39.791  INFO 21900 --- [main] com.example.demo.DemoApplicationTests    : No active profile set, falling back to 1 default profile: "default"
2023-06-07 00:55:41.382  INFO 21900 --- [main] o.s.b.a.w.s.WelcomePageHandlerMapping    : Adding welcome page: class path resource [static/index.html]
2023-06-07 00:55:41.672  INFO 21900 --- [main] com.example.demo.DemoApplicationTests    : Started DemoApplicationTests in 2.197 seconds (JVM running for 3.335)
2023-06-07 00:55:42.607  INFO 21900 --- [main] com.example.demo.DemoApplicationTests    : >>insert用户插入测试成功
2023-06-07 00:57:48.501  INFO 19804 --- [main] com.example.demo.DemoApplicationTests    : Starting DemoApplicationTests using Java 17.0.2 on LAPTOP-SEBE6MQD with PID 19804 (started by 27642 in E:\澶у璧\澶т涓瀹璁\Code\demo)
2023-06-07 00:57:48.502  INFO 19804 --- [main] com.example.demo.DemoApplicationTests    : No active profile set, falling back to 1 default profile: "default"
2023-06-07 00:57:49.631  INFO 19804 --- [main] o.s.b.a.w.s.WelcomePageHandlerMapping    : Adding welcome page: class path resource [static/index.html]
2023-06-07 00:57:49.870  INFO 19804 --- [main] com.example.demo.DemoApplicationTests    : Started DemoApplicationTests in 1.578 seconds (JVM running for 2.243)
2023-06-07 00:57:50.545  INFO 19804 --- [main] com.example.demo.DemoApplicationTests    : >>insertㄦ锋ユ璇
2023-06-07 00:58:11.271  INFO 12804 --- [main] com.example.demo.DemoApplicationTests    : Starting DemoApplicationTests using Java 17.0.2 on LAPTOP-SEBE6MQD with PID 12804 (started by 27642 in E:\大学资料\大二下实训\Code\demo)
2023-06-07 00:58:11.272  INFO 12804 --- [main] com.example.demo.DemoApplicationTests    : No active profile set, falling back to 1 default profile: "default"
2023-06-07 00:58:12.864  INFO 12804 --- [main] o.s.b.a.w.s.WelcomePageHandlerMapping    : Adding welcome page: class path resource [static/index.html]
2023-06-07 00:58:13.140  INFO 12804 --- [main] com.example.demo.DemoApplicationTests    : Started DemoApplicationTests in 2.215 seconds (JVM running for 3.327)
2023-06-07 00:58:14.070  INFO 12804 --- [main] com.example.demo.DemoApplicationTests    : >>insert用户插入测试成功
2023-06-07 00:59:26.522  INFO 28560 --- [main] com.example.demo.DemoApplicationTests    : Starting DemoApplicationTests using Java 17.0.2 on LAPTOP-SEBE6MQD with PID 28560 (started by 27642 in E:\大学资料\大二下实训\Code\demo)
2023-06-07 00:59:26.524  INFO 28560 --- [main] com.example.demo.DemoApplicationTests    : No active profile set, falling back to 1 default profile: "default"
2023-06-07 00:59:28.112  INFO 28560 --- [main] o.s.b.a.w.s.WelcomePageHandlerMapping    : Adding welcome page: class path resource [static/index.html]
2023-06-07 00:59:28.370  INFO 28560 --- [main] com.example.demo.DemoApplicationTests    : Started DemoApplicationTests in 2.229 seconds (JVM running for 3.36)
2023-06-07 00:59:29.300  INFO 28560 --- [main] com.example.demo.DemoApplicationTests    : >>insert用户插入测试成功
2023-06-07 01:04:20.737  INFO 25524 --- [main] com.example.demo.DemoApplicationTests    : Starting DemoApplicationTests using Java 17.0.2 on LAPTOP-SEBE6MQD with PID 25524 (started by 27642 in E:\大学资料\大二下实训\Code\demo)
2023-06-07 01:04:20.739  INFO 25524 --- [main] com.example.demo.DemoApplicationTests    : No active profile set, falling back to 1 default profile: "default"
2023-06-07 01:04:22.431  INFO 25524 --- [main] o.s.b.a.w.s.WelcomePageHandlerMapping    : Adding welcome page: class path resource [static/index.html]
2023-06-07 01:04:22.728  INFO 25524 --- [main] com.example.demo.DemoApplicationTests    : Started DemoApplicationTests in 2.357 seconds (JVM running for 3.616)
2023-06-07 01:04:23.794  INFO 25524 --- [main] com.example.demo.DemoApplicationTests    : >>insert用户插入测试成功
2023-06-07 01:06:30.471  INFO 28436 --- [main] com.example.demo.DemoApplicationTests    : Starting DemoApplicationTests using Java 17.0.2 on LAPTOP-SEBE6MQD with PID 28436 (started by 27642 in E:\大学资料\大二下实训\Code\demo)
2023-06-07 01:06:30.471  INFO 28436 --- [main] com.example.demo.DemoApplicationTests    : No active profile set, falling back to 1 default profile: "default"
2023-06-07 01:06:32.085  INFO 28436 --- [main] o.s.b.a.w.s.WelcomePageHandlerMapping    : Adding welcome page: class path resource [static/index.html]
2023-06-07 01:06:32.397  INFO 28436 --- [main] com.example.demo.DemoApplicationTests    : Started DemoApplicationTests in 2.258 seconds (JVM running for 3.385)
2023-06-07 01:06:33.288  INFO 28436 --- [main] com.example.demo.DemoApplicationTests    : >>insert用户插入测试成功
2023-06-07 09:07:35.724  INFO 1640 --- [main] com.example.demo.DemoApplicationTests    : Starting DemoApplicationTests using Java 17.0.2 on LAPTOP-SEBE6MQD with PID 1640 (started by 27642 in E:\大学资料\大二下实训\Code\demo)
2023-06-07 09:07:35.726  INFO 1640 --- [main] com.example.demo.DemoApplicationTests    : No active profile set, falling back to 1 default profile: "default"
2023-06-07 09:07:37.803  INFO 1640 --- [main] o.s.b.a.w.s.WelcomePageHandlerMapping    : Adding welcome page: class path resource [static/index.html]
2023-06-07 09:07:38.182  INFO 1640 --- [main] com.example.demo.DemoApplicationTests    : Started DemoApplicationTests in 2.9 seconds (JVM running for 4.307)
2023-06-07 09:07:39.484  INFO 1640 --- [main] com.example.demo.DemoApplicationTests    : >>insert用户插入测试成功
2023-06-07 10:03:09.798  INFO 23704 --- [main] com.example.demo.DemoApplicationTests    : Starting DemoApplicationTests using Java 17.0.2 on LAPTOP-SEBE6MQD with PID 23704 (started by 27642 in E:\大学资料\大二下实训\Code\demo)
2023-06-07 10:03:09.798  INFO 23704 --- [main] com.example.demo.DemoApplicationTests    : No active profile set, falling back to 1 default profile: "default"
2023-06-07 10:03:11.729  INFO 23704 --- [main] o.s.b.a.w.s.WelcomePageHandlerMapping    : Adding welcome page: class path resource [static/index.html]
2023-06-07 10:03:12.125  INFO 23704 --- [main] com.example.demo.DemoApplicationTests    : Started DemoApplicationTests in 2.75 seconds (JVM running for 4.04)
2023-06-07 10:03:13.546  INFO 23704 --- [main] com.example.demo.DemoApplicationTests    : >>insert用户插入测试成功
2023-06-07 11:08:08.045  INFO 25716 --- [main] com.example.demo.DemoApplicationTests    : Starting DemoApplicationTests using Java 17.0.2 on LAPTOP-SEBE6MQD with PID 25716 (started by 27642 in E:\demo)
2023-06-07 11:08:08.046  INFO 25716 --- [main] com.example.demo.DemoApplicationTests    : No active profile set, falling back to 1 default profile: "default"
2023-06-07 11:08:09.599  INFO 25716 --- [main] o.s.b.a.w.s.WelcomePageHandlerMapping    : Adding welcome page: class path resource [static/index.html]
2023-06-07 11:08:09.901  INFO 25716 --- [main] com.example.demo.DemoApplicationTests    : Started DemoApplicationTests in 2.198 seconds (JVM running for 3.326)
2023-06-07 11:08:10.938  INFO 25716 --- [main] com.example.demo.DemoApplicationTests    : >>insert用户插入测试成功
2023-06-07 11:08:34.520  INFO 16032 --- [main] com.example.demo.DemoApplicationTests    : Starting DemoApplicationTests using Java 17.0.2 on LAPTOP-SEBE6MQD with PID 16032 (started by 27642 in E:\demo)
2023-06-07 11:08:34.522  INFO 16032 --- [main] com.example.demo.DemoApplicationTests    : No active profile set, falling back to 1 default profile: "default"
2023-06-07 11:08:35.095  INFO 6848 --- [main] com.example.demo.DemoApplicationTests    : Starting DemoApplicationTests using Java 17.0.2 on LAPTOP-SEBE6MQD with PID 6848 (started by 27642 in E:\demo)
2023-06-07 11:08:35.097  INFO 6848 --- [main] com.example.demo.DemoApplicationTests    : No active profile set, falling back to 1 default profile: "default"
2023-06-07 11:08:37.107  INFO 16032 --- [main] o.s.b.a.w.s.WelcomePageHandlerMapping    : Adding welcome page: class path resource [static/index.html]
2023-06-07 11:08:37.768  INFO 16032 --- [main] com.example.demo.DemoApplicationTests    : Started DemoApplicationTests in 3.782 seconds (JVM running for 5.493)
2023-06-07 11:08:37.819  INFO 6848 --- [main] o.s.b.a.w.s.WelcomePageHandlerMapping    : Adding welcome page: class path resource [static/index.html]
2023-06-07 11:08:38.393  INFO 6848 --- [main] com.example.demo.DemoApplicationTests    : Started DemoApplicationTests in 3.888 seconds (JVM running for 5.676)
2023-06-07 11:08:39.352  INFO 16032 --- [main] com.example.demo.DemoApplicationTests    : >>insert用户插入测试成功
2023-06-07 11:08:39.729  INFO 6848 --- [main] com.example.demo.DemoApplicationTests    : >>insert用户插入测试成功
2023-06-07 11:09:12.259  INFO 24116 --- [main] com.example.demo.DemoApplicationTests    : Starting DemoApplicationTests using Java 17.0.2 on LAPTOP-SEBE6MQD with PID 24116 (started by 27642 in E:\demo)
2023-06-07 11:09:12.261  INFO 24116 --- [main] com.example.demo.DemoApplicationTests    : No active profile set, falling back to 1 default profile: "default"
2023-06-07 11:09:13.877  INFO 24116 --- [main] o.s.b.a.w.s.WelcomePageHandlerMapping    : Adding welcome page: class path resource [static/index.html]
2023-06-07 11:09:14.169  INFO 24116 --- [main] com.example.demo.DemoApplicationTests    : Started DemoApplicationTests in 2.244 seconds (JVM running for 3.414)
2023-06-07 11:09:15.111  INFO 24116 --- [main] com.example.demo.DemoApplicationTests    : >>insert用户插入测试成功
2023-06-07 11:09:20.947  INFO 21776 --- [main] com.example.demo.DemoApplicationTests    : Starting DemoApplicationTests using Java 17.0.2 on LAPTOP-SEBE6MQD with PID 21776 (started by 27642 in E:\demo)
2023-06-07 11:09:20.949  INFO 21776 --- [main] com.example.demo.DemoApplicationTests    : No active profile set, falling back to 1 default profile: "default"
2023-06-07 11:09:22.517  INFO 21776 --- [main] o.s.b.a.w.s.WelcomePageHandlerMapping    : Adding welcome page: class path resource [static/index.html]
2023-06-07 11:09:22.817  INFO 21776 --- [main] com.example.demo.DemoApplicationTests    : Started DemoApplicationTests in 2.2 seconds (JVM running for 3.353)
2023-06-07 11:09:23.744  INFO 21776 --- [main] com.example.demo.DemoApplicationTests    : >>insert用户插入测试成功
2023-06-07 11:17:31.622  INFO 15084 --- [main] com.example.demo.DemoApplicationTests    : Starting DemoApplicationTests using Java 17.0.2 on LAPTOP-SEBE6MQD with PID 15084 (started by 27642 in E:\demo)
2023-06-07 11:17:31.623  INFO 15084 --- [main] com.example.demo.DemoApplicationTests    : No active profile set, falling back to 1 default profile: "default"
2023-06-07 11:17:33.252  INFO 15084 --- [main] o.s.b.a.w.s.WelcomePageHandlerMapping    : Adding welcome page: class path resource [static/index.html]
2023-06-07 11:17:33.559  INFO 15084 --- [main] com.example.demo.DemoApplicationTests    : Started DemoApplicationTests in 2.269 seconds (JVM running for 3.384)
2023-06-07 11:17:34.530  INFO 15084 --- [main] com.example.demo.DemoApplicationTests    : >>insert用户插入测试成功
2023-06-07 11:17:40.144  INFO 25012 --- [main] com.example.demo.DemoApplicationTests    : Starting DemoApplicationTests using Java 17.0.2 on LAPTOP-SEBE6MQD with PID 25012 (started by 27642 in E:\demo)
2023-06-07 11:17:40.146  INFO 25012 --- [main] com.example.demo.DemoApplicationTests    : No active profile set, falling back to 1 default profile: "default"
2023-06-07 11:17:41.804  INFO 25012 --- [main] o.s.b.a.w.s.WelcomePageHandlerMapping    : Adding welcome page: class path resource [static/index.html]
2023-06-07 11:17:42.113  INFO 25012 --- [main] com.example.demo.DemoApplicationTests    : Started DemoApplicationTests in 2.319 seconds (JVM running for 3.406)
2023-06-07 11:17:43.090  INFO 25012 --- [main] com.example.demo.DemoApplicationTests    : >>insert用户插入测试成功
2023-06-07 11:18:25.037  INFO 6712 --- [main] com.example.demo.DemoApplicationTests    : Starting DemoApplicationTests using Java 17.0.2 on LAPTOP-SEBE6MQD with PID 6712 (started by 27642 in E:\demo)
2023-06-07 11:18:25.039  INFO 6712 --- [main] com.example.demo.DemoApplicationTests    : No active profile set, falling back to 1 default profile: "default"
2023-06-07 11:18:26.716  INFO 6712 --- [main] o.s.b.a.w.s.WelcomePageHandlerMapping    : Adding welcome page: class path resource [static/index.html]
2023-06-07 11:18:27.075  INFO 6712 --- [main] com.example.demo.DemoApplicationTests    : Started DemoApplicationTests in 2.39 seconds (JVM running for 3.546)
2023-06-07 11:18:27.949  INFO 6712 --- [main] com.example.demo.DemoApplicationTests    : >>insert用户插入测试成功
2023-06-07 11:18:33.581  INFO 24136 --- [main] com.example.demo.DemoApplicationTests    : Starting DemoApplicationTests using Java 17.0.2 on LAPTOP-SEBE6MQD with PID 24136 (started by 27642 in E:\demo)
2023-06-07 11:18:33.583  INFO 24136 --- [main] com.example.demo.DemoApplicationTests    : No active profile set, falling back to 1 default profile: "default"
2023-06-07 11:18:35.151  INFO 24136 --- [main] o.s.b.a.w.s.WelcomePageHandlerMapping    : Adding welcome page: class path resource [static/index.html]
2023-06-07 11:18:35.467  INFO 24136 --- [main] com.example.demo.DemoApplicationTests    : Started DemoApplicationTests in 2.212 seconds (JVM running for 3.364)
2023-06-07 11:18:36.307  INFO 24136 --- [main] com.example.demo.DemoApplicationTests    : >>insert用户插入测试成功
2023-06-07 11:24:41.901  INFO 13056 --- [main] com.example.demo.DemoApplication         : Starting DemoApplication using Java 17.0.2 on LAPTOP-SEBE6MQD with PID 13056 (E:\demo\target\classes started by 27642 in E:\demo)
2023-06-07 11:24:41.902  INFO 13056 --- [main] com.example.demo.DemoApplication         : No active profile set, falling back to 1 default profile: "default"
2023-06-07 11:24:42.376  INFO 13056 --- [main] o.s.b.w.embedded.tomcat.TomcatWebServer  : Tomcat initialized with port(s): 8085 (http)
2023-06-07 11:24:42.380  INFO 13056 --- [main] o.apache.catalina.core.StandardService   : Starting service [Tomcat]
2023-06-07 11:24:42.380  INFO 13056 --- [main] org.apache.catalina.core.StandardEngine  : Starting Servlet engine: [Apache Tomcat/9.0.75]
2023-06-07 11:24:42.430  INFO 13056 --- [main] o.a.c.c.C.[Tomcat].[localhost].[/]       : Initializing Spring embedded WebApplicationContext
2023-06-07 11:24:42.430  INFO 13056 --- [main] w.s.c.ServletWebServerApplicationContext : Root WebApplicationContext: initialization completed in 497 ms
2023-06-07 11:24:42.655  INFO 13056 --- [main] o.s.b.a.w.s.WelcomePageHandlerMapping    : Adding welcome page: class path resource [static/index.html]
2023-06-07 11:24:42.741  INFO 13056 --- [main] o.s.b.w.embedded.tomcat.TomcatWebServer  : Tomcat started on port(s): 8085 (http) with context path ''
2023-06-07 11:24:42.748  INFO 13056 --- [main] com.example.demo.DemoApplication         : Started DemoApplication in 1.068 seconds (JVM running for 1.414)
2023-06-07 11:24:46.029  INFO 13056 --- [http-nio-8085-exec-1] o.a.c.c.C.[Tomcat].[localhost].[/]       : Initializing Spring DispatcherServlet 'dispatcherServlet'
2023-06-07 11:24:46.029  INFO 13056 --- [http-nio-8085-exec-1] o.s.web.servlet.DispatcherServlet        : Initializing Servlet 'dispatcherServlet'
2023-06-07 11:24:46.030  INFO 13056 --- [http-nio-8085-exec-1] o.s.web.servlet.DispatcherServlet        : Completed initialization in 1 ms
2023-06-07 11:24:58.907  INFO 13056 --- [http-nio-8085-exec-2] com.zaxxer.hikari.HikariDataSource       : HikariPool-1 - Starting...
2023-06-07 11:24:59.051  INFO 13056 --- [http-nio-8085-exec-2] com.zaxxer.hikari.HikariDataSource       : HikariPool-1 - Start completed.
2023-06-07 11:29:22.123  INFO 13056 --- [SpringApplicationShutdownHook] com.zaxxer.hikari.HikariDataSource       : HikariPool-1 - Shutdown initiated...
2023-06-07 11:29:22.129  INFO 13056 --- [SpringApplicationShutdownHook] com.zaxxer.hikari.HikariDataSource       : HikariPool-1 - Shutdown completed.
2023-06-07 11:30:04.146  INFO 17264 --- [main] com.example.demo.DemoApplicationTests    : Starting DemoApplicationTests using Java 17.0.2 on LAPTOP-SEBE6MQD with PID 17264 (started by 27642 in E:\demo)
2023-06-07 11:30:04.147  INFO 17264 --- [main] com.example.demo.DemoApplicationTests    : No active profile set, falling back to 1 default profile: "default"
2023-06-07 11:30:05.782  INFO 17264 --- [main] o.s.b.a.w.s.WelcomePageHandlerMapping    : Adding welcome page: class path resource [static/index.html]
2023-06-07 11:30:06.132  INFO 17264 --- [main] com.example.demo.DemoApplicationTests    : Started DemoApplicationTests in 2.322 seconds (JVM running for 3.435)
2023-06-07 11:30:07.031  INFO 17264 --- [main] com.example.demo.DemoApplicationTests    : >>insert用户插入测试成功
2023-06-07 11:30:57.731  INFO 17264 --- [main] com.example.demo.DemoApplicationTests    : >>selectUserInfo用户登录测试成功
2023-06-07 11:30:57.760  INFO 17264 --- [main] com.example.demo.DemoApplicationTests    : >>queryUserList用户列表查询测试成功
2023-06-07 11:42:21.073  INFO 22464 --- [main] com.example.demo.DemoApplicationTests    : Starting DemoApplicationTests using Java 17.0.2 on LAPTOP-SEBE6MQD with PID 22464 (started by 27642 in E:\demo)
2023-06-07 11:42:21.075  INFO 22464 --- [main] com.example.demo.DemoApplicationTests    : No active profile set, falling back to 1 default profile: "default"
2023-06-07 11:42:22.832  INFO 22464 --- [main] o.s.b.a.w.s.WelcomePageHandlerMapping    : Adding welcome page: class path resource [static/index.html]
2023-06-07 11:42:23.191  INFO 22464 --- [main] com.example.demo.DemoApplicationTests    : Started DemoApplicationTests in 2.487 seconds (JVM running for 3.643)
2023-06-07 11:42:24.330  INFO 22464 --- [main] com.example.demo.DemoApplicationTests    : >>insert用户插入测试成功
2023-06-07 11:43:14.989  INFO 22464 --- [main] com.example.demo.DemoApplicationTests    : >>selectUserInfo用户登录测试成功
2023-06-07 11:43:15.022  INFO 22464 --- [main] com.example.demo.DemoApplicationTests    : >>queryUserList用户列表查询测试成功
2023-06-07 11:44:13.588  INFO 9388 --- [main] com.example.demo.DemoApplicationTests    : Starting DemoApplicationTests using Java 17.0.2 on LAPTOP-SEBE6MQD with PID 9388 (started by 27642 in E:\demo)
2023-06-07 11:44:13.590  INFO 9388 --- [main] com.example.demo.DemoApplicationTests    : No active profile set, falling back to 1 default profile: "default"
2023-06-07 11:44:15.141  INFO 9388 --- [main] o.s.b.a.w.s.WelcomePageHandlerMapping    : Adding welcome page: class path resource [static/index.html]
2023-06-07 11:44:15.459  INFO 9388 --- [main] com.example.demo.DemoApplicationTests    : Started DemoApplicationTests in 2.195 seconds (JVM running for 3.294)
2023-06-07 11:44:16.422  INFO 9388 --- [main] com.example.demo.DemoApplicationTests    : >>insert用户插入测试成功
2023-06-07 11:45:07.094  INFO 9388 --- [main] com.example.demo.DemoApplicationTests    : >>selectUserInfo用户登录测试成功
2023-06-07 11:45:07.124  INFO 9388 --- [main] com.example.demo.DemoApplicationTests    : >>queryUserList用户列表查询测试成功
2023-06-07 11:45:26.789  INFO 12140 --- [main] com.example.demo.DemoApplicationTests    : Starting DemoApplicationTests using Java 17.0.2 on LAPTOP-SEBE6MQD with PID 12140 (started by 27642 in E:\demo)
2023-06-07 11:45:26.791  INFO 12140 --- [main] com.example.demo.DemoApplicationTests    : No active profile set, falling back to 1 default profile: "default"
2023-06-07 11:45:28.353  INFO 12140 --- [main] o.s.b.a.w.s.WelcomePageHandlerMapping    : Adding welcome page: class path resource [static/index.html]
2023-06-07 11:45:28.647  INFO 12140 --- [main] com.example.demo.DemoApplicationTests    : Started DemoApplicationTests in 2.195 seconds (JVM running for 3.327)
2023-06-07 11:45:29.597  INFO 12140 --- [main] com.example.demo.DemoApplicationTests    : >>insert用户插入测试成功
2023-06-07 11:46:25.442  INFO 21928 --- [main] com.example.demo.DemoApplicationTests    : Starting DemoApplicationTests using Java 17.0.2 on LAPTOP-SEBE6MQD with PID 21928 (started by 27642 in E:\demo)
2023-06-07 11:46:25.443  INFO 21928 --- [main] com.example.demo.DemoApplicationTests    : No active profile set, falling back to 1 default profile: "default"
2023-06-07 11:46:27.073  INFO 21928 --- [main] o.s.b.a.w.s.WelcomePageHandlerMapping    : Adding welcome page: class path resource [static/index.html]
2023-06-07 11:46:27.403  INFO 21928 --- [main] com.example.demo.DemoApplicationTests    : Started DemoApplicationTests in 2.296 seconds (JVM running for 3.556)
2023-06-07 11:46:28.314  INFO 21928 --- [main] com.example.demo.DemoApplicationTests    : >>insert用户插入测试成功
2023-06-07 11:47:18.871  INFO 21928 --- [main] com.example.demo.DemoApplicationTests    : >>selectUserInfo用户登录测试成功
2023-06-07 11:47:18.902  INFO 21928 --- [main] com.example.demo.DemoApplicationTests    : >>queryUserList用户列表查询测试成功
2023-06-07 11:47:39.075  INFO 14288 --- [main] com.example.demo.DemoApplicationTests    : Starting DemoApplicationTests using Java 17.0.2 on LAPTOP-SEBE6MQD with PID 14288 (started by 27642 in E:\demo)
2023-06-07 11:47:39.077  INFO 14288 --- [main] com.example.demo.DemoApplicationTests    : No active profile set, falling back to 1 default profile: "default"
2023-06-07 11:47:40.628  INFO 14288 --- [main] o.s.b.a.w.s.WelcomePageHandlerMapping    : Adding welcome page: class path resource [static/index.html]
2023-06-07 11:47:40.936  INFO 14288 --- [main] com.example.demo.DemoApplicationTests    : Started DemoApplicationTests in 2.188 seconds (JVM running for 3.399)
2023-06-07 11:47:41.918  INFO 14288 --- [main] com.example.demo.DemoApplicationTests    : >>insert用户插入测试成功
2023-06-07 11:48:32.593  INFO 14288 --- [main] com.example.demo.DemoApplicationTests    : >>queryUserList用户列表查询测试成功
2023-06-07 11:52:14.783  INFO 13216 --- [main] com.example.demo.DemoApplicationTests    : Starting DemoApplicationTests using Java 17.0.2 on LAPTOP-SEBE6MQD with PID 13216 (started by 27642 in E:\demo)
2023-06-07 11:52:14.785  INFO 13216 --- [main] com.example.demo.DemoApplicationTests    : No active profile set, falling back to 1 default profile: "default"
2023-06-07 11:52:16.372  INFO 13216 --- [main] o.s.b.a.w.s.WelcomePageHandlerMapping    : Adding welcome page: class path resource [static/index.html]
2023-06-07 11:52:16.681  INFO 13216 --- [main] com.example.demo.DemoApplicationTests    : Started DemoApplicationTests in 2.235 seconds (JVM running for 3.409)
2023-06-07 11:52:17.620  INFO 13216 --- [main] com.example.demo.DemoApplicationTests    : >>insert用户插入测试成功
2023-06-07 11:52:25.236 ERROR 13216 --- [main] com.example.demo.DemoApplicationTests    : 用户删除失败
2023-06-07 11:52:25.283  INFO 13216 --- [main] com.example.demo.DemoApplicationTests    : >>selectUserInfo用户登录测试成功
2023-06-07 11:52:25.311  INFO 13216 --- [main] com.example.demo.DemoApplicationTests    : >>queryUserList用户列表查询测试成功
2023-06-07 11:52:51.985  INFO 8064 --- [main] com.example.demo.DemoApplicationTests    : Starting DemoApplicationTests using Java 17.0.2 on LAPTOP-SEBE6MQD with PID 8064 (started by 27642 in E:\demo)
2023-06-07 11:52:51.987  INFO 8064 --- [main] com.example.demo.DemoApplicationTests    : No active profile set, falling back to 1 default profile: "default"
2023-06-07 11:52:53.578  INFO 8064 --- [main] o.s.b.a.w.s.WelcomePageHandlerMapping    : Adding welcome page: class path resource [static/index.html]
2023-06-07 11:52:53.854  INFO 8064 --- [main] com.example.demo.DemoApplicationTests    : Started DemoApplicationTests in 2.197 seconds (JVM running for 3.319)
2023-06-07 11:52:54.801  INFO 8064 --- [main] com.example.demo.DemoApplicationTests    : >>insert用户插入测试成功
2023-06-07 11:52:54.846 ERROR 8064 --- [main] com.example.demo.DemoApplicationTests    : 用户删除失败
2023-06-07 11:52:54.895  INFO 8064 --- [main] com.example.demo.DemoApplicationTests    : >>selectUserInfo用户登录测试成功
2023-06-07 11:52:54.925  INFO 8064 --- [main] com.example.demo.DemoApplicationTests    : >>queryUserList用户列表查询测试成功
2023-06-07 11:53:00.523  INFO 18228 --- [main] com.example.demo.DemoApplicationTests    : Starting DemoApplicationTests using Java 17.0.2 on LAPTOP-SEBE6MQD with PID 18228 (started by 27642 in E:\demo)
2023-06-07 11:53:00.525  INFO 18228 --- [main] com.example.demo.DemoApplicationTests    : No active profile set, falling back to 1 default profile: "default"
2023-06-07 11:53:02.143  INFO 18228 --- [main] o.s.b.a.w.s.WelcomePageHandlerMapping    : Adding welcome page: class path resource [static/index.html]
2023-06-07 11:53:02.446  INFO 18228 --- [main] com.example.demo.DemoApplicationTests    : Started DemoApplicationTests in 2.277 seconds (JVM running for 3.395)
2023-06-07 11:53:03.349  INFO 18228 --- [main] com.example.demo.DemoApplicationTests    : >>insert用户插入测试成功
2023-06-07 11:53:03.396 ERROR 18228 --- [main] com.example.demo.DemoApplicationTests    : 用户删除失败
2023-06-07 11:53:03.445  INFO 18228 --- [main] com.example.demo.DemoApplicationTests    : >>selectUserInfo用户登录测试成功
2023-06-07 11:53:03.474  INFO 18228 --- [main] com.example.demo.DemoApplicationTests    : >>queryUserList用户列表查询测试成功
2023-06-07 11:55:51.925  INFO 11160 --- [main] com.example.demo.DemoApplicationTests    : Starting DemoApplicationTests using Java 17.0.2 on LAPTOP-SEBE6MQD with PID 11160 (started by 27642 in E:\demo)
2023-06-07 11:55:51.927  INFO 11160 --- [main] com.example.demo.DemoApplicationTests    : No active profile set, falling back to 1 default profile: "default"
2023-06-07 11:55:53.521  INFO 11160 --- [main] o.s.b.a.w.s.WelcomePageHandlerMapping    : Adding welcome page: class path resource [static/index.html]
2023-06-07 11:55:53.846  INFO 11160 --- [main] com.example.demo.DemoApplicationTests    : Started DemoApplicationTests in 2.251 seconds (JVM running for 3.384)
2023-06-07 11:55:54.877  INFO 11160 --- [main] com.example.demo.DemoApplicationTests    : >>insert用户插入测试成功
2023-06-07 11:56:45.540  INFO 11160 --- [main] com.example.demo.DemoApplicationTests    : >>selectUserInfo用户登录测试成功
2023-06-07 11:56:45.572  INFO 11160 --- [main] com.example.demo.DemoApplicationTests    : >>queryUserList用户列表查询测试成功
2023-06-07 11:56:56.919  INFO 25256 --- [main] com.example.demo.DemoApplicationTests    : Starting DemoApplicationTests using Java 17.0.2 on LAPTOP-SEBE6MQD with PID 25256 (started by 27642 in E:\demo)
2023-06-07 11:56:56.920  INFO 25256 --- [main] com.example.demo.DemoApplicationTests    : No active profile set, falling back to 1 default profile: "default"
2023-06-07 11:56:58.399  INFO 25256 --- [main] o.s.b.a.w.s.WelcomePageHandlerMapping    : Adding welcome page: class path resource [static/index.html]
2023-06-07 11:56:58.678  INFO 25256 --- [main] com.example.demo.DemoApplicationTests    : Started DemoApplicationTests in 2.083 seconds (JVM running for 3.238)
2023-06-07 11:56:59.643  INFO 25256 --- [main] com.example.demo.DemoApplicationTests    : >>insert用户插入测试成功
2023-06-07 11:57:50.206  INFO 25256 --- [main] com.example.demo.DemoApplicationTests    : >>selectUserInfo用户登录测试成功
2023-06-07 11:57:50.276  INFO 25256 --- [main] com.example.demo.DemoApplicationTests    : >>queryUserList用户列表查询测试成功
2023-06-07 11:57:52.110  INFO 8188 --- [main] com.example.demo.DemoApplicationTests    : Starting DemoApplicationTests using Java 17.0.2 on LAPTOP-SEBE6MQD with PID 8188 (started by 27642 in E:\demo)
2023-06-07 11:57:52.111  INFO 8188 --- [main] com.example.demo.DemoApplicationTests    : No active profile set, falling back to 1 default profile: "default"
2023-06-07 11:57:53.866  INFO 8188 --- [main] o.s.b.a.w.s.WelcomePageHandlerMapping    : Adding welcome page: class path resource [static/index.html]
2023-06-07 11:57:54.218  INFO 8188 --- [main] com.example.demo.DemoApplicationTests    : Started DemoApplicationTests in 2.497 seconds (JVM running for 4.009)
2023-06-07 11:57:55.306  INFO 8188 --- [main] com.example.demo.DemoApplicationTests    : >>insert用户插入测试成功
2023-06-07 11:58:45.997  INFO 8188 --- [main] com.example.demo.DemoApplicationTests    : >>selectUserInfo用户登录测试成功
2023-06-07 11:58:46.027  INFO 8188 --- [main] com.example.demo.DemoApplicationTests    : >>queryUserList用户列表查询测试成功
2023-06-07 12:00:37.926  INFO 18632 --- [main] com.example.demo.DemoApplicationTests    : Starting DemoApplicationTests using Java 17.0.2 on LAPTOP-SEBE6MQD with PID 18632 (started by 27642 in E:\demo)
2023-06-07 12:00:37.927  INFO 18632 --- [main] com.example.demo.DemoApplicationTests    : No active profile set, falling back to 1 default profile: "default"
2023-06-07 12:00:39.534  INFO 18632 --- [main] o.s.b.a.w.s.WelcomePageHandlerMapping    : Adding welcome page: class path resource [static/index.html]
2023-06-07 12:00:39.854  INFO 18632 --- [main] com.example.demo.DemoApplicationTests    : Started DemoApplicationTests in 2.246 seconds (JVM running for 3.382)
2023-06-07 12:00:40.833  INFO 18632 --- [main] com.example.demo.DemoApplicationTests    : >>insert用户插入测试成功
2023-06-07 12:01:31.453  INFO 18632 --- [main] com.example.demo.DemoApplicationTests    : >>selectUserInfo用户登录测试成功
2023-06-07 12:01:31.482  INFO 18632 --- [main] com.example.demo.DemoApplicationTests    : >>queryUserList用户列表查询测试成功
2023-06-07 12:04:28.646  INFO 27924 --- [main] com.example.demo.DemoApplicationTests    : Starting DemoApplicationTests using Java 17.0.2 on LAPTOP-SEBE6MQD with PID 27924 (started by 27642 in E:\demo)
2023-06-07 12:04:28.648  INFO 27924 --- [main] com.example.demo.DemoApplicationTests    : No active profile set, falling back to 1 default profile: "default"
2023-06-07 12:04:30.202  INFO 27924 --- [main] o.s.b.a.w.s.WelcomePageHandlerMapping    : Adding welcome page: class path resource [static/index.html]
2023-06-07 12:04:30.528  INFO 27924 --- [main] com.example.demo.DemoApplicationTests    : Started DemoApplicationTests in 2.236 seconds (JVM running for 3.417)
2023-06-07 12:04:31.498  INFO 27924 --- [main] com.example.demo.DemoApplicationTests    : >>insert用户插入测试成功
2023-06-07 12:05:22.034  INFO 27924 --- [main] com.example.demo.DemoApplicationTests    : >>selectUserInfo用户登录测试成功
2023-06-07 12:05:22.064  INFO 27924 --- [main] com.example.demo.DemoApplicationTests    : >>queryUserList用户列表查询测试成功
2023-06-07 12:06:13.727  INFO 540 --- [main] com.example.demo.DemoApplicationTests    : Starting DemoApplicationTests using Java 17.0.2 on LAPTOP-SEBE6MQD with PID 540 (started by 27642 in E:\demo)
2023-06-07 12:06:13.729  INFO 540 --- [main] com.example.demo.DemoApplicationTests    : No active profile set, falling back to 1 default profile: "default"
2023-06-07 12:06:15.361  INFO 540 --- [main] o.s.b.a.w.s.WelcomePageHandlerMapping    : Adding welcome page: class path resource [static/index.html]
2023-06-07 12:06:15.651  INFO 540 --- [main] com.example.demo.DemoApplicationTests    : Started DemoApplicationTests in 2.259 seconds (JVM running for 3.358)
2023-06-07 12:06:16.573  INFO 540 --- [main] com.example.demo.DemoApplicationTests    : >>insert用户插入测试成功
2023-06-07 12:07:07.217  INFO 540 --- [main] com.example.demo.DemoApplicationTests    : >>selectUserInfo用户登录测试成功
2023-06-07 12:07:07.247  INFO 540 --- [main] com.example.demo.DemoApplicationTests    : >>queryUserList用户列表查询测试成功
2023-06-07 12:10:22.815  INFO 8224 --- [main] com.example.demo.DemoApplicationTests    : Starting DemoApplicationTests using Java 17.0.2 on LAPTOP-SEBE6MQD with PID 8224 (started by 27642 in E:\demo)
2023-06-07 12:10:22.817  INFO 8224 --- [main] com.example.demo.DemoApplicationTests    : No active profile set, falling back to 1 default profile: "default"
2023-06-07 12:10:24.877  INFO 8224 --- [main] o.s.b.a.w.s.WelcomePageHandlerMapping    : Adding welcome page: class path resource [static/index.html]
2023-06-07 12:10:25.294  INFO 8224 --- [main] com.example.demo.DemoApplicationTests    : Started DemoApplicationTests in 2.978 seconds (JVM running for 4.397)
2023-06-07 12:10:26.549  INFO 8224 --- [main] com.example.demo.DemoApplicationTests    : >>insert用户插入测试成功
2023-06-07 12:11:16.943  INFO 8224 --- [main] com.example.demo.DemoApplicationTests    : >>selectUserInfo用户登录测试成功
2023-06-07 12:11:16.972  INFO 8224 --- [main] com.example.demo.DemoApplicationTests    : >>queryUserList用户列表查询测试成功
2023-06-07 12:25:43.523  INFO 8684 --- [main] com.example.demo.DemoApplicationTests    : Starting DemoApplicationTests using Java 17.0.2 on LAPTOP-SEBE6MQD with PID 8684 (started by 27642 in E:\demo)
2023-06-07 12:25:43.525  INFO 8684 --- [main] com.example.demo.DemoApplicationTests    : No active profile set, falling back to 1 default profile: "default"
2023-06-07 12:25:45.099  INFO 8684 --- [main] o.s.b.a.w.s.WelcomePageHandlerMapping    : Adding welcome page: class path resource [static/index.html]
2023-06-07 12:25:45.388  INFO 8684 --- [main] com.example.demo.DemoApplicationTests    : Started DemoApplicationTests in 2.226 seconds (JVM running for 3.353)
2023-06-07 12:25:46.327  INFO 8684 --- [main] com.example.demo.DemoApplicationTests    : >>insert用户插入测试成功
2023-06-07 12:26:07.555  INFO 28464 --- [main] com.example.demo.DemoApplicationTests    : Starting DemoApplicationTests using Java 17.0.2 on LAPTOP-SEBE6MQD with PID 28464 (started by 27642 in E:\demo)
2023-06-07 12:26:07.556  INFO 28464 --- [main] com.example.demo.DemoApplicationTests    : No active profile set, falling back to 1 default profile: "default"
2023-06-07 12:26:09.155  INFO 28464 --- [main] o.s.b.a.w.s.WelcomePageHandlerMapping    : Adding welcome page: class path resource [static/index.html]
2023-06-07 12:26:09.436  INFO 28464 --- [main] com.example.demo.DemoApplicationTests    : Started DemoApplicationTests in 2.207 seconds (JVM running for 3.316)
2023-06-07 12:26:36.587  INFO 28464 --- [main] com.example.demo.DemoApplicationTests    : >>insert用户插入测试成功
2023-06-07 12:26:36.664  INFO 8684 --- [main] com.example.demo.DemoApplicationTests    : >>selectUserInfo用户登录测试成功
2023-06-07 12:26:36.696  INFO 8684 --- [main] com.example.demo.DemoApplicationTests    : >>queryUserList用户列表查询测试成功
2023-06-07 12:27:27.097  INFO 28464 --- [main] com.example.demo.DemoApplicationTests    : >>selectUserInfo用户登录测试成功
2023-06-07 12:27:27.144  INFO 28464 --- [main] com.example.demo.DemoApplicationTests    : >>queryUserList用户列表查询测试成功
2023-06-07 12:28:08.147  INFO 5188 --- [main] com.example.demo.DemoApplication         : Starting DemoApplication using Java 17.0.2 on LAPTOP-SEBE6MQD with PID 5188 (E:\demo\target\classes started by 27642 in E:\demo)
2023-06-07 12:28:08.148  INFO 5188 --- [main] com.example.demo.DemoApplication         : No active profile set, falling back to 1 default profile: "default"
2023-06-07 12:28:08.641  INFO 5188 --- [main] o.s.b.w.embedded.tomcat.TomcatWebServer  : Tomcat initialized with port(s): 8085 (http)
2023-06-07 12:28:08.646  INFO 5188 --- [main] o.apache.catalina.core.StandardService   : Starting service [Tomcat]
2023-06-07 12:28:08.646  INFO 5188 --- [main] org.apache.catalina.core.StandardEngine  : Starting Servlet engine: [Apache Tomcat/9.0.75]
2023-06-07 12:28:08.699  INFO 5188 --- [main] o.a.c.c.C.[Tomcat].[localhost].[/]       : Initializing Spring embedded WebApplicationContext
2023-06-07 12:28:08.699  INFO 5188 --- [main] w.s.c.ServletWebServerApplicationContext : Root WebApplicationContext: initialization completed in 524 ms
2023-06-07 12:28:08.931  INFO 5188 --- [main] o.s.b.a.w.s.WelcomePageHandlerMapping    : Adding welcome page: class path resource [static/index.html]
2023-06-07 12:28:09.017  INFO 5188 --- [main] o.s.b.w.embedded.tomcat.TomcatWebServer  : Tomcat started on port(s): 8085 (http) with context path ''
2023-06-07 12:28:09.024  INFO 5188 --- [main] com.example.demo.DemoApplication         : Started DemoApplication in 1.101 seconds (JVM running for 1.441)
2023-06-07 12:28:34.289  INFO 5188 --- [http-nio-8085-exec-1] o.a.c.c.C.[Tomcat].[localhost].[/]       : Initializing Spring DispatcherServlet 'dispatcherServlet'
2023-06-07 12:28:34.289  INFO 5188 --- [http-nio-8085-exec-1] o.s.web.servlet.DispatcherServlet        : Initializing Servlet 'dispatcherServlet'
2023-06-07 12:28:34.289  INFO 5188 --- [http-nio-8085-exec-1] o.s.web.servlet.DispatcherServlet        : Completed initialization in 0 ms
2023-06-07 12:28:42.062  INFO 5188 --- [http-nio-8085-exec-4] com.zaxxer.hikari.HikariDataSource       : HikariPool-1 - Starting...
2023-06-07 12:28:42.198  INFO 5188 --- [http-nio-8085-exec-4] com.zaxxer.hikari.HikariDataSource       : HikariPool-1 - Start completed.
2023-06-07 12:28:59.707  INFO 5188 --- [SpringApplicationShutdownHook] com.zaxxer.hikari.HikariDataSource       : HikariPool-1 - Shutdown initiated...
2023-06-07 12:28:59.722  INFO 5188 --- [SpringApplicationShutdownHook] com.zaxxer.hikari.HikariDataSource       : HikariPool-1 - Shutdown completed.
2023-06-07 12:29:19.108  INFO 9564 --- [main] com.example.demo.DemoApplicationTests    : Starting DemoApplicationTests using Java 17.0.2 on LAPTOP-SEBE6MQD with PID 9564 (started by 27642 in E:\demo)
2023-06-07 12:29:19.109  INFO 9564 --- [main] com.example.demo.DemoApplicationTests    : No active profile set, falling back to 1 default profile: "default"
2023-06-07 12:29:20.663  INFO 9564 --- [main] o.s.b.a.w.s.WelcomePageHandlerMapping    : Adding welcome page: class path resource [static/index.html]
2023-06-07 12:29:20.956  INFO 9564 --- [main] com.example.demo.DemoApplicationTests    : Started DemoApplicationTests in 2.178 seconds (JVM running for 3.264)
2023-06-07 12:29:21.973  INFO 9564 --- [main] com.example.demo.DemoApplicationTests    : >>insert用户插入测试成功
2023-06-07 12:30:12.441  INFO 9564 --- [main] com.example.demo.DemoApplicationTests    : >>selectUserInfo用户登录测试成功
2023-06-07 12:30:12.478  INFO 9564 --- [main] com.example.demo.DemoApplicationTests    : >>queryUserList用户列表查询测试成功
2023-06-07 12:32:43.572  INFO 22352 --- [main] com.example.demo.DemoApplicationTests    : Starting DemoApplicationTests using Java 17.0.2 on LAPTOP-SEBE6MQD with PID 22352 (started by 27642 in E:\demo)
2023-06-07 12:32:43.574  INFO 22352 --- [main] com.example.demo.DemoApplicationTests    : No active profile set, falling back to 1 default profile: "default"
2023-06-07 12:32:45.283  INFO 22352 --- [main] o.s.b.a.w.s.WelcomePageHandlerMapping    : Adding welcome page: class path resource [static/index.html]
2023-06-07 12:32:45.606  INFO 22352 --- [main] com.example.demo.DemoApplicationTests    : Started DemoApplicationTests in 2.386 seconds (JVM running for 3.559)
2023-06-07 12:32:46.630  INFO 22352 --- [main] com.example.demo.DemoApplicationTests    : >>insert用户插入测试成功
2023-06-07 12:33:37.223  INFO 22352 --- [main] com.example.demo.DemoApplicationTests    : >>selectUserInfo用户登录测试成功
2023-06-07 12:33:37.256  INFO 22352 --- [main] com.example.demo.DemoApplicationTests    : >>queryUserList用户列表查询测试成功
2023-06-07 13:06:20.446  INFO 11908 --- [main] com.example.demo.DemoApplicationTests    : Starting DemoApplicationTests using Java 17.0.2 on LAPTOP-SEBE6MQD with PID 11908 (started by 27642 in E:\demo)
2023-06-07 13:06:20.447  INFO 11908 --- [main] com.example.demo.DemoApplicationTests    : No active profile set, falling back to 1 default profile: "default"
2023-06-07 13:06:22.152  INFO 11908 --- [main] o.s.b.a.w.s.WelcomePageHandlerMapping    : Adding welcome page: class path resource [static/index.html]
2023-06-07 13:06:22.462  INFO 11908 --- [main] com.example.demo.DemoApplicationTests    : Started DemoApplicationTests in 2.35 seconds (JVM running for 3.444)
2023-06-07 13:06:23.420  INFO 11908 --- [main] com.example.demo.DemoApplicationTests    : >>insert用户插入测试成功
2023-06-07 13:07:13.972  INFO 11908 --- [main] com.example.demo.DemoApplicationTests    : >>selectUserInfo用户登录测试成功
2023-06-07 13:07:14.001  INFO 11908 --- [main] com.example.demo.DemoApplicationTests    : >>queryUserList用户列表查询测试成功
2023-06-07 13:10:43.300  INFO 9752 --- [main] com.example.demo.DemoApplicationTests    : Starting DemoApplicationTests using Java 17.0.2 on LAPTOP-SEBE6MQD with PID 9752 (started by 27642 in E:\demo)
2023-06-07 13:10:43.301  INFO 9752 --- [main] com.example.demo.DemoApplicationTests    : No active profile set, falling back to 1 default profile: "default"
2023-06-07 13:10:44.416  INFO 9752 --- [main] o.s.b.a.w.s.WelcomePageHandlerMapping    : Adding welcome page: class path resource [static/index.html]
2023-06-07 13:10:44.650  INFO 9752 --- [main] com.example.demo.DemoApplicationTests    : Started DemoApplicationTests in 1.559 seconds (JVM running for 2.134)
2023-06-07 13:10:45.256  INFO 9752 --- [main] com.example.demo.DemoApplicationTests    : >>insert用户插入测试成功
2023-06-07 13:10:45.301  INFO 9752 --- [main] com.example.demo.DemoApplicationTests    : >>delete用户删除测试成功
2023-06-07 13:10:45.342  INFO 9752 --- [main] com.example.demo.DemoApplicationTests    : >>selectUserInfo用户登录测试成功
2023-06-07 13:10:45.370  INFO 9752 --- [main] com.example.demo.DemoApplicationTests    : >>queryUserList用户列表查询测试成功
2023-06-07 13:10:54.309  INFO 22808 --- [main] com.example.demo.DemoApplicationTests    : Starting DemoApplicationTests using Java 17.0.2 on LAPTOP-SEBE6MQD with PID 22808 (started by 27642 in E:\demo)
2023-06-07 13:10:54.311  INFO 22808 --- [main] com.example.demo.DemoApplicationTests    : No active profile set, falling back to 1 default profile: "default"
2023-06-07 13:10:55.857  INFO 22808 --- [main] o.s.b.a.w.s.WelcomePageHandlerMapping    : Adding welcome page: class path resource [static/index.html]
2023-06-07 13:10:56.169  INFO 22808 --- [main] com.example.demo.DemoApplicationTests    : Started DemoApplicationTests in 2.193 seconds (JVM running for 3.312)
2023-06-07 13:10:57.094  INFO 22808 --- [main] com.example.demo.DemoApplicationTests    : >>insert用户插入测试成功
2023-06-07 13:11:18.166  INFO 8480 --- [main] com.example.demo.DemoApplicationTests    : Starting DemoApplicationTests using Java 17.0.2 on LAPTOP-SEBE6MQD with PID 8480 (started by 27642 in E:\demo)
2023-06-07 13:11:18.166  INFO 8480 --- [main] com.example.demo.DemoApplicationTests    : No active profile set, falling back to 1 default profile: "default"
2023-06-07 13:11:19.265  INFO 8480 --- [main] o.s.b.a.w.s.WelcomePageHandlerMapping    : Adding welcome page: class path resource [static/index.html]
2023-06-07 13:11:19.541  INFO 8480 --- [main] com.example.demo.DemoApplicationTests    : Started DemoApplicationTests in 1.587 seconds (JVM running for 2.242)
2023-06-07 13:11:20.195  INFO 8480 --- [main] com.example.demo.DemoApplicationTests    : >>insertㄦ锋ユ璇
2023-06-07 13:11:47.576  INFO 22808 --- [main] com.example.demo.DemoApplicationTests    : >>selectUserInfo用户登录测试成功
2023-06-07 13:11:47.608  INFO 22808 --- [main] com.example.demo.DemoApplicationTests    : >>queryUserList用户列表查询测试成功
2023-06-07 13:14:19.208  INFO 9240 --- [main] com.example.demo.DemoApplicationTests    : Starting DemoApplicationTests using Java 17.0.2 on LAPTOP-SEBE6MQD with PID 9240 (started by 27642 in E:\demo)
2023-06-07 13:14:19.210  INFO 9240 --- [main] com.example.demo.DemoApplicationTests    : No active profile set, falling back to 1 default profile: "default"
2023-06-07 13:14:20.791  INFO 9240 --- [main] o.s.b.a.w.s.WelcomePageHandlerMapping    : Adding welcome page: class path resource [static/index.html]
2023-06-07 13:14:21.124  INFO 9240 --- [main] com.example.demo.DemoApplicationTests    : Started DemoApplicationTests in 2.259 seconds (JVM running for 3.409)
2023-06-07 13:14:22.187  INFO 9240 --- [main] com.example.demo.DemoApplicationTests    : >>insert用户插入测试成功
2023-06-07 13:15:12.542  INFO 9240 --- [main] com.example.demo.DemoApplicationTests    : >>selectUserInfo用户登录测试成功
2023-06-07 13:15:12.571  INFO 9240 --- [main] com.example.demo.DemoApplicationTests    : >>queryUserList用户列表查询测试成功
2023-06-07 13:20:28.434  INFO 2084 --- [main] com.example.demo.DemoApplicationTests    : Starting DemoApplicationTests using Java 17.0.2 on LAPTOP-SEBE6MQD with PID 2084 (started by 27642 in E:\demo)
2023-06-07 13:20:28.436  INFO 2084 --- [main] com.example.demo.DemoApplicationTests    : No active profile set, falling back to 1 default profile: "default"
2023-06-07 13:20:29.958  INFO 2084 --- [main] o.s.b.a.w.s.WelcomePageHandlerMapping    : Adding welcome page: class path resource [static/index.html]
2023-06-07 13:20:30.253  INFO 2084 --- [main] com.example.demo.DemoApplicationTests    : Started DemoApplicationTests in 2.143 seconds (JVM running for 3.28)
2023-06-07 13:20:31.249  INFO 2084 --- [main] com.example.demo.DemoApplicationTests    : >>insert用户插入测试成功
2023-06-07 13:20:56.298  INFO 18792 --- [main] com.example.demo.DemoApplicationTests    : Starting DemoApplicationTests using Java 17.0.2 on LAPTOP-SEBE6MQD with PID 18792 (started by 27642 in E:\demo)
2023-06-07 13:20:56.300  INFO 18792 --- [main] com.example.demo.DemoApplicationTests    : No active profile set, falling back to 1 default profile: "default"
2023-06-07 13:20:57.812  INFO 18792 --- [main] o.s.b.a.w.s.WelcomePageHandlerMapping    : Adding welcome page: class path resource [static/index.html]
2023-06-07 13:20:58.131  INFO 18792 --- [main] com.example.demo.DemoApplicationTests    : Started DemoApplicationTests in 2.157 seconds (JVM running for 3.311)
2023-06-07 13:20:59.037  INFO 18792 --- [main] com.example.demo.DemoApplicationTests    : >>insert用户插入测试成功
2023-06-07 13:21:15.249  INFO 14748 --- [main] com.example.demo.DemoApplicationTests    : Starting DemoApplicationTests using Java 17.0.2 on LAPTOP-SEBE6MQD with PID 14748 (started by 27642 in E:\demo)
2023-06-07 13:21:15.250  INFO 14748 --- [main] com.example.demo.DemoApplicationTests    : No active profile set, falling back to 1 default profile: "default"
2023-06-07 13:21:16.874  INFO 14748 --- [main] o.s.b.a.w.s.WelcomePageHandlerMapping    : Adding welcome page: class path resource [static/index.html]
2023-06-07 13:21:17.169  INFO 14748 --- [main] com.example.demo.DemoApplicationTests    : Started DemoApplicationTests in 2.266 seconds (JVM running for 3.386)
2023-06-07 13:21:18.146  INFO 14748 --- [main] com.example.demo.DemoApplicationTests    : >>insert用户插入测试成功
2023-06-07 13:21:22.287  INFO 2084 --- [main] com.example.demo.DemoApplicationTests    : >>selectUserInfo用户登录测试成功
2023-06-07 13:21:22.319  INFO 2084 --- [main] com.example.demo.DemoApplicationTests    : >>queryUserList用户列表查询测试成功
2023-06-07 13:22:08.513  INFO 14748 --- [main] com.example.demo.DemoApplicationTests    : >>selectUserInfo用户登录测试成功
2023-06-07 13:22:08.544  INFO 14748 --- [main] com.example.demo.DemoApplicationTests    : >>queryUserList用户列表查询测试成功
2023-06-07 13:27:20.138  INFO 12788 --- [main] com.example.demo.DemoApplicationTests    : Starting DemoApplicationTests using Java 17.0.2 on LAPTOP-SEBE6MQD with PID 12788 (started by 27642 in E:\demo)
2023-06-07 13:27:20.140  INFO 12788 --- [main] com.example.demo.DemoApplicationTests    : No active profile set, falling back to 1 default profile: "default"
2023-06-07 13:27:21.737  INFO 12788 --- [main] o.s.b.a.w.s.WelcomePageHandlerMapping    : Adding welcome page: class path resource [static/index.html]
2023-06-07 13:27:22.054  INFO 12788 --- [main] com.example.demo.DemoApplicationTests    : Started DemoApplicationTests in 2.264 seconds (JVM running for 3.419)
2023-06-07 13:27:23.023  INFO 12788 --- [main] com.example.demo.DemoApplicationTests    : >>insert用户插入测试成功
2023-06-07 13:27:23.079  INFO 12788 --- [main] com.example.demo.DemoApplicationTests    : >>selectUserInfo用户登录测试成功
2023-06-07 13:27:23.116  INFO 12788 --- [main] com.example.demo.DemoApplicationTests    : >>queryUserList用户列表查询测试成功
2023-06-07 13:28:33.458  INFO 8656 --- [main] com.example.demo.DemoApplicationTests    : Starting DemoApplicationTests using Java 17.0.2 on LAPTOP-SEBE6MQD with PID 8656 (started by 27642 in E:\demo)
2023-06-07 13:28:33.459  INFO 8656 --- [main] com.example.demo.DemoApplicationTests    : No active profile set, falling back to 1 default profile: "default"
2023-06-07 13:28:34.974  INFO 8656 --- [main] o.s.b.a.w.s.WelcomePageHandlerMapping    : Adding welcome page: class path resource [static/index.html]
2023-06-07 13:28:35.292  INFO 8656 --- [main] com.example.demo.DemoApplicationTests    : Started DemoApplicationTests in 2.174 seconds (JVM running for 3.314)
2023-06-07 13:28:36.191  INFO 8656 --- [main] com.example.demo.DemoApplicationTests    : >>insert用户插入测试成功
2023-06-07 13:28:36.249  INFO 8656 --- [main] com.example.demo.DemoApplicationTests    : >>selectUserInfo用户登录测试成功
2023-06-07 13:28:36.283  INFO 8656 --- [main] com.example.demo.DemoApplicationTests    : >>queryUserList用户列表查询测试成功
2023-06-07 13:28:41.890  INFO 26904 --- [main] com.example.demo.DemoApplicationTests    : Starting DemoApplicationTests using Java 17.0.2 on LAPTOP-SEBE6MQD with PID 26904 (started by 27642 in E:\demo)
2023-06-07 13:28:41.891  INFO 26904 --- [main] com.example.demo.DemoApplicationTests    : No active profile set, falling back to 1 default profile: "default"
2023-06-07 13:28:43.478  INFO 26904 --- [main] o.s.b.a.w.s.WelcomePageHandlerMapping    : Adding welcome page: class path resource [static/index.html]
2023-06-07 13:28:43.813  INFO 26904 --- [main] com.example.demo.DemoApplicationTests    : Started DemoApplicationTests in 2.26 seconds (JVM running for 3.381)
2023-06-07 13:28:44.704  INFO 26904 --- [main] com.example.demo.DemoApplicationTests    : >>insert用户插入测试成功
2023-06-07 13:28:44.764  INFO 26904 --- [main] com.example.demo.DemoApplicationTests    : >>selectUserInfo用户登录测试成功
2023-06-07 13:28:44.799  INFO 26904 --- [main] com.example.demo.DemoApplicationTests    : >>queryUserList用户列表查询测试成功
2023-06-07 13:30:05.530  INFO 24780 --- [main] com.example.demo.DemoApplicationTests    : Starting DemoApplicationTests using Java 17.0.2 on LAPTOP-SEBE6MQD with PID 24780 (started by 27642 in E:\demo)
2023-06-07 13:30:05.531  INFO 24780 --- [main] com.example.demo.DemoApplicationTests    : No active profile set, falling back to 1 default profile: "default"
2023-06-07 13:30:06.859  INFO 24780 --- [main] o.s.b.a.w.s.WelcomePageHandlerMapping    : Adding welcome page: class path resource [static/index.html]
2023-06-07 13:30:07.228  INFO 24780 --- [main] com.example.demo.DemoApplicationTests    : Started DemoApplicationTests in 1.938 seconds (JVM running for 2.994)
2023-06-07 13:30:07.983  INFO 24780 --- [main] com.example.demo.DemoApplicationTests    : >>insertㄦ锋ユ璇
2023-06-07 13:30:08.033  INFO 24780 --- [main] com.example.demo.DemoApplicationTests    : >>selectUserInfoㄦ风诲娴璇
2023-06-07 13:30:08.065  INFO 24780 --- [main] com.example.demo.DemoApplicationTests    : >>queryUserListㄦ峰琛ㄦヨ㈡璇
2023-06-07 13:30:27.930  INFO 20432 --- [main] com.example.demo.DemoApplicationTests    : Starting DemoApplicationTests using Java 17.0.2 on LAPTOP-SEBE6MQD with PID 20432 (started by 27642 in E:\demo)
2023-06-07 13:30:27.931  INFO 20432 --- [main] com.example.demo.DemoApplicationTests    : No active profile set, falling back to 1 default profile: "default"
2023-06-07 13:30:29.268  INFO 20432 --- [main] o.s.b.a.w.s.WelcomePageHandlerMapping    : Adding welcome page: class path resource [static/index.html]
2023-06-07 13:30:29.642  INFO 20432 --- [main] com.example.demo.DemoApplicationTests    : Started DemoApplicationTests in 1.942 seconds (JVM running for 2.755)
2023-06-07 13:33:05.188  INFO 20432 --- [main] com.example.demo.DemoApplicationTests    : >>deleteㄦ峰ゆ璇
2023-06-07 13:33:17.478  INFO 9584 --- [main] com.example.demo.DemoApplicationTests    : Starting DemoApplicationTests using Java 17.0.2 on LAPTOP-SEBE6MQD with PID 9584 (started by 27642 in E:\demo)
2023-06-07 13:33:17.480  INFO 9584 --- [main] com.example.demo.DemoApplicationTests    : No active profile set, falling back to 1 default profile: "default"
2023-06-07 13:33:19.067  INFO 9584 --- [main] o.s.b.a.w.s.WelcomePageHandlerMapping    : Adding welcome page: class path resource [static/index.html]
2023-06-07 13:33:19.356  INFO 9584 --- [main] com.example.demo.DemoApplicationTests    : Started DemoApplicationTests in 2.227 seconds (JVM running for 3.412)
2023-06-07 13:33:20.283  INFO 9584 --- [main] com.example.demo.DemoApplicationTests    : >>delete用户删除测试成功
2023-06-07 13:33:45.232  INFO 17792 --- [main] com.example.demo.DemoApplicationTests    : Starting DemoApplicationTests using Java 17.0.2 on LAPTOP-SEBE6MQD with PID 17792 (started by 27642 in E:\demo)
2023-06-07 13:33:45.233  INFO 17792 --- [main] com.example.demo.DemoApplicationTests    : No active profile set, falling back to 1 default profile: "default"
2023-06-07 13:33:46.821  INFO 17792 --- [main] o.s.b.a.w.s.WelcomePageHandlerMapping    : Adding welcome page: class path resource [static/index.html]
2023-06-07 13:33:47.122  INFO 17792 --- [main] com.example.demo.DemoApplicationTests    : Started DemoApplicationTests in 2.225 seconds (JVM running for 3.355)
2023-06-07 13:33:48.051  INFO 17792 --- [main] com.example.demo.DemoApplicationTests    : >>insert用户插入测试成功
2023-06-07 13:34:05.126  INFO 27192 --- [main] com.example.demo.DemoApplicationTests    : Starting DemoApplicationTests using Java 17.0.2 on LAPTOP-SEBE6MQD with PID 27192 (started by 27642 in E:\demo)
2023-06-07 13:34:05.127  INFO 27192 --- [main] com.example.demo.DemoApplicationTests    : No active profile set, falling back to 1 default profile: "default"
2023-06-07 13:34:06.713  INFO 27192 --- [main] o.s.b.a.w.s.WelcomePageHandlerMapping    : Adding welcome page: class path resource [static/index.html]
2023-06-07 13:34:07.053  INFO 27192 --- [main] com.example.demo.DemoApplicationTests    : Started DemoApplicationTests in 2.262 seconds (JVM running for 3.37)
2023-06-07 13:34:08.039  INFO 27192 --- [main] com.example.demo.DemoApplicationTests    : >>selectUserInfo用户登录测试成功
2023-06-07 13:35:08.297  INFO 12160 --- [main] com.example.demo.DemoApplicationTests    : Starting DemoApplicationTests using Java 17.0.2 on LAPTOP-SEBE6MQD with PID 12160 (started by 27642 in E:\demo)
2023-06-07 13:35:08.298  INFO 12160 --- [main] com.example.demo.DemoApplicationTests    : No active profile set, falling back to 1 default profile: "default"
2023-06-07 13:35:09.557  INFO 12160 --- [main] o.s.b.a.w.s.WelcomePageHandlerMapping    : Adding welcome page: class path resource [static/index.html]
2023-06-07 13:35:09.909  INFO 12160 --- [main] com.example.demo.DemoApplicationTests    : Started DemoApplicationTests in 1.835 seconds (JVM running for 2.603)
2023-06-07 13:35:10.705  INFO 12160 --- [main] com.example.demo.DemoApplicationTests    : >>insertㄦ锋ユ璇
2023-06-07 13:35:28.259  INFO 28272 --- [main] com.example.demo.DemoApplicationTests    : Starting DemoApplicationTests using Java 17.0.2 on LAPTOP-SEBE6MQD with PID 28272 (started by 27642 in E:\demo)
2023-06-07 13:35:28.260  INFO 28272 --- [main] com.example.demo.DemoApplicationTests    : No active profile set, falling back to 1 default profile: "default"
2023-06-07 13:35:29.539  INFO 28272 --- [main] o.s.b.a.w.s.WelcomePageHandlerMapping    : Adding welcome page: class path resource [static/index.html]
2023-06-07 13:35:29.890  INFO 28272 --- [main] com.example.demo.DemoApplicationTests    : Started DemoApplicationTests in 1.848 seconds (JVM running for 2.634)
2023-06-07 13:35:30.662  INFO 28272 --- [main] com.example.demo.DemoApplicationTests    : >>insertㄦ锋ユ璇
2023-06-07 13:40:48.170  INFO 21428 --- [main] com.example.demo.DemoApplicationTests    : Starting DemoApplicationTests using Java 17.0.2 on LAPTOP-SEBE6MQD with PID 21428 (started by 27642 in E:\demo)
2023-06-07 13:40:48.171  INFO 21428 --- [main] com.example.demo.DemoApplicationTests    : No active profile set, falling back to 1 default profile: "default"
2023-06-07 13:40:49.335  INFO 21428 --- [main] o.s.b.a.w.s.WelcomePageHandlerMapping    : Adding welcome page: class path resource [static/index.html]
2023-06-07 13:40:49.611  INFO 21428 --- [main] com.example.demo.DemoApplicationTests    : Started DemoApplicationTests in 1.651 seconds (JVM running for 2.341)
2023-06-07 13:40:50.231  INFO 21428 --- [main] com.example.demo.DemoApplicationTests    : >>insertㄦ锋ユ璇
2023-06-07 13:40:50.281 ERROR 21428 --- [main] com.example.demo.DemoApplicationTests    : ㄦ峰ゅけ璐
2023-06-07 13:40:50.322  INFO 21428 --- [main] com.example.demo.DemoApplicationTests    : >>selectUserInfoㄦ风诲娴璇
2023-06-07 13:40:50.351  INFO 21428 --- [main] com.example.demo.DemoApplicationTests    : >>queryUserListㄦ峰琛ㄦヨ㈡璇
2023-06-07 13:41:08.538  INFO 24964 --- [main] com.example.demo.DemoApplicationTests    : Starting DemoApplicationTests using Java 17.0.2 on LAPTOP-SEBE6MQD with PID 24964 (started by 27642 in E:\demo)
2023-06-07 13:41:08.539  INFO 24964 --- [main] com.example.demo.DemoApplicationTests    : No active profile set, falling back to 1 default profile: "default"
2023-06-07 13:41:09.723  INFO 24964 --- [main] o.s.b.a.w.s.WelcomePageHandlerMapping    : Adding welcome page: class path resource [static/index.html]
2023-06-07 13:41:09.996  INFO 24964 --- [main] com.example.demo.DemoApplicationTests    : Started DemoApplicationTests in 1.682 seconds (JVM running for 2.368)
2023-06-07 13:41:10.626  INFO 24964 --- [main] com.example.demo.DemoApplicationTests    : >>insertㄦ锋ユ璇
2023-06-07 13:41:10.671  INFO 24964 --- [main] com.example.demo.DemoApplicationTests    : >>deleteㄦ峰ゆ璇
2023-06-07 13:41:10.715  INFO 24964 --- [main] com.example.demo.DemoApplicationTests    : >>selectUserInfoㄦ风诲娴璇
2023-06-07 13:41:10.743  INFO 24964 --- [main] com.example.demo.DemoApplicationTests    : >>queryUserListㄦ峰琛ㄦヨ㈡璇
2023-06-07 13:41:34.384  INFO 1392 --- [main] com.example.demo.DemoApplicationTests    : Starting DemoApplicationTests using Java 17.0.2 on LAPTOP-SEBE6MQD with PID 1392 (started by 27642 in E:\demo)
2023-06-07 13:41:34.385  INFO 1392 --- [main] com.example.demo.DemoApplicationTests    : No active profile set, falling back to 1 default profile: "default"
2023-06-07 13:41:35.936  INFO 1392 --- [main] o.s.b.a.w.s.WelcomePageHandlerMapping    : Adding welcome page: class path resource [static/index.html]
2023-06-07 13:41:36.208  INFO 1392 --- [main] com.example.demo.DemoApplicationTests    : Started DemoApplicationTests in 2.159 seconds (JVM running for 3.282)
2023-06-07 13:41:37.176  INFO 1392 --- [main] com.example.demo.DemoApplicationTests    : >>insert用户插入测试成功
2023-06-07 13:42:27.683  INFO 1392 --- [main] com.example.demo.DemoApplicationTests    : >>selectUserInfo用户登录测试成功
2023-06-07 13:42:27.718  INFO 1392 --- [main] com.example.demo.DemoApplicationTests    : >>queryUserList用户列表查询测试成功
2023-06-07 13:42:53.447  INFO 21804 --- [main] com.example.demo.DemoApplicationTests    : Starting DemoApplicationTests using Java 17.0.2 on LAPTOP-SEBE6MQD with PID 21804 (started by 27642 in E:\demo)
2023-06-07 13:42:53.448  INFO 21804 --- [main] com.example.demo.DemoApplicationTests    : No active profile set, falling back to 1 default profile: "default"
2023-06-07 13:42:55.011  INFO 21804 --- [main] o.s.b.a.w.s.WelcomePageHandlerMapping    : Adding welcome page: class path resource [static/index.html]
2023-06-07 13:42:55.321  INFO 21804 --- [main] com.example.demo.DemoApplicationTests    : Started DemoApplicationTests in 2.21 seconds (JVM running for 3.363)
2023-06-07 13:42:56.237  INFO 21804 --- [main] com.example.demo.DemoApplicationTests    : >>insert用户插入测试成功
2023-06-07 13:43:22.823  INFO 14260 --- [main] com.example.demo.DemoApplicationTests    : Starting DemoApplicationTests using Java 17.0.2 on LAPTOP-SEBE6MQD with PID 14260 (started by 27642 in E:\demo)
2023-06-07 13:43:22.825  INFO 14260 --- [main] com.example.demo.DemoApplicationTests    : No active profile set, falling back to 1 default profile: "default"
2023-06-07 13:43:24.384  INFO 14260 --- [main] o.s.b.a.w.s.WelcomePageHandlerMapping    : Adding welcome page: class path resource [static/index.html]
2023-06-07 13:43:24.700  INFO 14260 --- [main] com.example.demo.DemoApplicationTests    : Started DemoApplicationTests in 2.217 seconds (JVM running for 3.344)
2023-06-07 13:43:25.737  INFO 14260 --- [main] com.example.demo.DemoApplicationTests    : >>insert用户插入测试成功
2023-06-07 13:43:47.065  INFO 21804 --- [main] com.example.demo.DemoApplicationTests    : >>selectUserInfo用户登录测试成功
2023-06-07 13:43:47.110  INFO 21804 --- [main] com.example.demo.DemoApplicationTests    : >>queryUserList用户列表查询测试成功
2023-06-07 13:43:57.687  INFO 19592 --- [main] com.example.demo.DemoApplicationTests    : Starting DemoApplicationTests using Java 17.0.2 on LAPTOP-SEBE6MQD with PID 19592 (started by 27642 in E:\demo)
2023-06-07 13:43:57.688  INFO 19592 --- [main] com.example.demo.DemoApplicationTests    : No active profile set, falling back to 1 default profile: "default"
2023-06-07 13:43:59.208  INFO 19592 --- [main] o.s.b.a.w.s.WelcomePageHandlerMapping    : Adding welcome page: class path resource [static/index.html]
2023-06-07 13:43:59.498  INFO 19592 --- [main] com.example.demo.DemoApplicationTests    : Started DemoApplicationTests in 2.14 seconds (JVM running for 3.264)
2023-06-07 13:44:22.122  INFO 19592 --- [main] com.example.demo.DemoApplicationTests    : >>insert用户插入测试成功
2023-06-07 13:45:12.451  INFO 19592 --- [main] com.example.demo.DemoApplicationTests    : >>selectUserInfo用户登录测试成功
2023-06-07 13:45:12.485  INFO 19592 --- [main] com.example.demo.DemoApplicationTests    : >>queryUserList用户列表查询测试成功
2023-06-07 13:54:44.508  INFO 8132 --- [main] com.example.demo.DemoApplicationTests    : Starting DemoApplicationTests using Java 17.0.2 on LAPTOP-SEBE6MQD with PID 8132 (started by 27642 in E:\demo)
2023-06-07 13:54:44.509  INFO 8132 --- [main] com.example.demo.DemoApplicationTests    : No active profile set, falling back to 1 default profile: "default"
2023-06-07 13:54:46.057  INFO 8132 --- [main] o.s.b.a.w.s.WelcomePageHandlerMapping    : Adding welcome page: class path resource [static/index.html]
2023-06-07 13:54:46.346  INFO 8132 --- [main] com.example.demo.DemoApplicationTests    : Started DemoApplicationTests in 2.176 seconds (JVM running for 3.318)
2023-06-07 13:54:47.261  INFO 8132 --- [main] com.example.demo.DemoApplicationTests    : >>insert用户插入测试成功
2023-06-07 13:54:47.328  INFO 8132 --- [main] com.example.demo.DemoApplicationTests    : >>selectUserInfo用户登录测试成功
2023-06-07 13:54:47.363  INFO 8132 --- [main] com.example.demo.DemoApplicationTests    : >>queryUserList用户列表查询测试成功
2023-06-07 13:55:19.045  INFO 23148 --- [main] com.example.demo.DemoApplicationTests    : Starting DemoApplicationTests using Java 17.0.2 on LAPTOP-SEBE6MQD with PID 23148 (started by 27642 in E:\demo)
2023-06-07 13:55:19.047  INFO 23148 --- [main] com.example.demo.DemoApplicationTests    : No active profile set, falling back to 1 default profile: "default"
2023-06-07 13:55:20.587  INFO 23148 --- [main] o.s.b.a.w.s.WelcomePageHandlerMapping    : Adding welcome page: class path resource [static/index.html]
2023-06-07 13:55:20.885  INFO 23148 --- [main] com.example.demo.DemoApplicationTests    : Started DemoApplicationTests in 2.174 seconds (JVM running for 3.284)
2023-06-07 13:55:21.867  INFO 23148 --- [main] com.example.demo.DemoApplicationTests    : >>insert用户插入测试成功
2023-06-07 13:55:21.925  INFO 23148 --- [main] com.example.demo.DemoApplicationTests    : >>selectUserInfo用户登录测试成功
2023-06-07 13:55:21.957  INFO 23148 --- [main] com.example.demo.DemoApplicationTests    : >>queryUserList用户列表查询测试成功
2023-06-07 13:57:17.552  INFO 26020 --- [main] com.example.demo.DemoApplicationTests    : Starting DemoApplicationTests using Java 17.0.2 on LAPTOP-SEBE6MQD with PID 26020 (started by 27642 in E:\demo)
2023-06-07 13:57:17.553  INFO 26020 --- [main] com.example.demo.DemoApplicationTests    : No active profile set, falling back to 1 default profile: "default"
2023-06-07 13:57:19.143  INFO 26020 --- [main] o.s.b.a.w.s.WelcomePageHandlerMapping    : Adding welcome page: class path resource [static/index.html]
2023-06-07 13:57:19.457  INFO 26020 --- [main] com.example.demo.DemoApplicationTests    : Started DemoApplicationTests in 2.251 seconds (JVM running for 3.363)
2023-06-07 13:57:20.492  INFO 26020 --- [main] com.example.demo.DemoApplicationTests    : >>insert用户插入测试成功
2023-06-07 13:57:20.555  INFO 26020 --- [main] com.example.demo.DemoApplicationTests    : >>selectUserInfo用户登录测试成功
2023-06-07 13:57:20.588  INFO 26020 --- [main] com.example.demo.DemoApplicationTests    : >>queryUserList用户列表查询测试成功
2023-06-07 13:59:55.317  INFO 9500 --- [main] com.example.demo.DemoApplicationTests    : Starting DemoApplicationTests using Java 17.0.2 on LAPTOP-SEBE6MQD with PID 9500 (started by 27642 in E:\demo)
2023-06-07 13:59:55.318  INFO 9500 --- [main] com.example.demo.DemoApplicationTests    : No active profile set, falling back to 1 default profile: "default"
2023-06-07 13:59:56.498  INFO 9500 --- [main] o.s.b.a.w.s.WelcomePageHandlerMapping    : Adding welcome page: class path resource [static/index.html]
2023-06-07 13:59:56.776  INFO 9500 --- [main] com.example.demo.DemoApplicationTests    : Started DemoApplicationTests in 1.669 seconds (JVM running for 2.325)
2023-06-07 13:59:57.423  INFO 9500 --- [main] com.example.demo.DemoApplicationTests    : >>insertㄦ锋ユ璇
2023-06-07 13:59:57.485  INFO 9500 --- [main] com.example.demo.DemoApplicationTests    : >>selectUserInfoㄦ风诲娴璇
2023-06-07 13:59:57.515  INFO 9500 --- [main] com.example.demo.DemoApplicationTests    : >>queryUserListㄦ峰琛ㄦヨ㈡璇
2023-06-07 13:59:57.544  INFO 9500 --- [main] com.example.demo.DemoApplicationTests    : >>deleteㄦ峰ゆ璇
2023-06-07 14:00:23.616  INFO 2000 --- [main] com.example.demo.DemoApplicationTests    : Starting DemoApplicationTests using Java 17.0.2 on LAPTOP-SEBE6MQD with PID 2000 (started by 27642 in E:\demo)
2023-06-07 14:00:23.617  INFO 2000 --- [main] com.example.demo.DemoApplicationTests    : No active profile set, falling back to 1 default profile: "default"
2023-06-07 14:00:25.145  INFO 2000 --- [main] o.s.b.a.w.s.WelcomePageHandlerMapping    : Adding welcome page: class path resource [static/index.html]
2023-06-07 14:00:25.458  INFO 2000 --- [main] com.example.demo.DemoApplicationTests    : Started DemoApplicationTests in 2.165 seconds (JVM running for 3.3)
2023-06-07 14:00:26.360  INFO 2000 --- [main] com.example.demo.DemoApplicationTests    : >>insert用户插入测试成功
2023-06-07 14:00:26.422  INFO 2000 --- [main] com.example.demo.DemoApplicationTests    : >>selectUserInfo用户登录测试成功
2023-06-07 14:00:26.456  INFO 2000 --- [main] com.example.demo.DemoApplicationTests    : >>queryUserList用户列表查询测试成功
2023-06-07 14:00:26.484  INFO 2000 --- [main] com.example.demo.DemoApplicationTests    : >>delete用户删除测试成功
2023-06-07 14:00:31.968  INFO 11956 --- [main] com.example.demo.DemoApplicationTests    : Starting DemoApplicationTests using Java 17.0.2 on LAPTOP-SEBE6MQD with PID 11956 (started by 27642 in E:\demo)
2023-06-07 14:00:31.970  INFO 11956 --- [main] com.example.demo.DemoApplicationTests    : No active profile set, falling back to 1 default profile: "default"
2023-06-07 14:00:33.472  INFO 11956 --- [main] o.s.b.a.w.s.WelcomePageHandlerMapping    : Adding welcome page: class path resource [static/index.html]
2023-06-07 14:00:33.793  INFO 11956 --- [main] com.example.demo.DemoApplicationTests    : Started DemoApplicationTests in 2.151 seconds (JVM running for 3.246)
2023-06-07 14:00:34.705  INFO 11956 --- [main] com.example.demo.DemoApplicationTests    : >>insert用户插入测试成功
2023-06-07 14:00:34.762  INFO 11956 --- [main] com.example.demo.DemoApplicationTests    : >>selectUserInfo用户登录测试成功
2023-06-07 14:00:34.800  INFO 11956 --- [main] com.example.demo.DemoApplicationTests    : >>queryUserList用户列表查询测试成功
2023-06-07 14:02:40.156  INFO 12968 --- [main] com.example.demo.DemoApplicationTests    : Starting DemoApplicationTests using Java 17.0.2 on LAPTOP-SEBE6MQD with PID 12968 (started by 27642 in E:\demo)
2023-06-07 14:02:40.157  INFO 12968 --- [main] com.example.demo.DemoApplicationTests    : No active profile set, falling back to 1 default profile: "default"
2023-06-07 14:02:41.723  INFO 12968 --- [main] o.s.b.a.w.s.WelcomePageHandlerMapping    : Adding welcome page: class path resource [static/index.html]
2023-06-07 14:02:42.057  INFO 12968 --- [main] com.example.demo.DemoApplicationTests    : Started DemoApplicationTests in 2.23 seconds (JVM running for 3.318)
2023-06-07 14:02:43.002  INFO 12968 --- [main] com.example.demo.DemoApplicationTests    : >>insert用户插入测试成功
2023-06-07 14:02:43.062  INFO 12968 --- [main] com.example.demo.DemoApplicationTests    : >>selectUserInfo用户登录测试成功
2023-06-07 14:02:43.101  INFO 12968 --- [main] com.example.demo.DemoApplicationTests    : >>queryUserList用户列表查询测试成功
2023-06-07 14:02:43.130  INFO 12968 --- [main] com.example.demo.DemoApplicationTests    : >>delete用户删除测试成功
2023-06-07 14:03:04.914  INFO 23156 --- [main] com.example.demo.DemoApplicationTests    : Starting DemoApplicationTests using Java 17.0.2 on LAPTOP-SEBE6MQD with PID 23156 (started by 27642 in E:\demo)
2023-06-07 14:03:04.916  INFO 23156 --- [main] com.example.demo.DemoApplicationTests    : No active profile set, falling back to 1 default profile: "default"
2023-06-07 14:03:06.490  INFO 23156 --- [main] o.s.b.a.w.s.WelcomePageHandlerMapping    : Adding welcome page: class path resource [static/index.html]
2023-06-07 14:03:06.798  INFO 23156 --- [main] com.example.demo.DemoApplicationTests    : Started DemoApplicationTests in 2.221 seconds (JVM running for 3.319)
2023-06-07 14:03:07.734  INFO 23156 --- [main] com.example.demo.DemoApplicationTests    : >>insert用户插入测试成功
2023-06-07 14:03:07.790  INFO 23156 --- [main] com.example.demo.DemoApplicationTests    : >>selectUserInfo用户登录测试成功
2023-06-07 14:03:07.824  INFO 23156 --- [main] com.example.demo.DemoApplicationTests    : >>queryUserList用户列表查询测试成功
2023-06-07 14:04:51.326  INFO 25604 --- [main] com.example.demo.DemoApplicationTests    : Starting DemoApplicationTests using Java 17.0.2 on LAPTOP-SEBE6MQD with PID 25604 (started by 27642 in E:\demo)
2023-06-07 14:04:51.327  INFO 25604 --- [main] com.example.demo.DemoApplicationTests    : No active profile set, falling back to 1 default profile: "default"
2023-06-07 14:04:52.927  INFO 25604 --- [main] o.s.b.a.w.s.WelcomePageHandlerMapping    : Adding welcome page: class path resource [static/index.html]
2023-06-07 14:04:53.234  INFO 25604 --- [main] com.example.demo.DemoApplicationTests    : Started DemoApplicationTests in 2.253 seconds (JVM running for 3.338)
2023-06-07 14:04:54.186  INFO 25604 --- [main] com.example.demo.DemoApplicationTests    : >>insert用户插入测试成功
2023-06-07 14:04:54.246  INFO 25604 --- [main] com.example.demo.DemoApplicationTests    : >>selectUserInfo用户登录测试成功
2023-06-07 14:04:54.278  INFO 25604 --- [main] com.example.demo.DemoApplicationTests    : >>queryUserList用户列表查询测试成功
2023-06-07 14:05:32.814  INFO 22988 --- [main] com.example.demo.DemoApplicationTests    : Starting DemoApplicationTests using Java 17.0.2 on LAPTOP-SEBE6MQD with PID 22988 (started by 27642 in E:\demo)
2023-06-07 14:05:32.816  INFO 22988 --- [main] com.example.demo.DemoApplicationTests    : No active profile set, falling back to 1 default profile: "default"
2023-06-07 14:05:34.337  INFO 22988 --- [main] o.s.b.a.w.s.WelcomePageHandlerMapping    : Adding welcome page: class path resource [static/index.html]
2023-06-07 14:05:34.625  INFO 22988 --- [main] com.example.demo.DemoApplicationTests    : Started DemoApplicationTests in 2.131 seconds (JVM running for 3.271)
2023-06-07 14:05:35.615  INFO 22988 --- [main] com.example.demo.DemoApplicationTests    : >>insert用户插入测试成功
2023-06-07 14:05:35.675  INFO 22988 --- [main] com.example.demo.DemoApplicationTests    : >>selectUserInfo用户登录测试成功
2023-06-07 14:05:35.708  INFO 22988 --- [main] com.example.demo.DemoApplicationTests    : >>queryUserList用户列表查询测试成功
2023-06-07 14:05:41.176  INFO 19600 --- [main] com.example.demo.DemoApplicationTests    : Starting DemoApplicationTests using Java 17.0.2 on LAPTOP-SEBE6MQD with PID 19600 (started by 27642 in E:\demo)
2023-06-07 14:05:41.177  INFO 19600 --- [main] com.example.demo.DemoApplicationTests    : No active profile set, falling back to 1 default profile: "default"
2023-06-07 14:05:42.704  INFO 19600 --- [main] o.s.b.a.w.s.WelcomePageHandlerMapping    : Adding welcome page: class path resource [static/index.html]
2023-06-07 14:05:42.999  INFO 19600 --- [main] com.example.demo.DemoApplicationTests    : Started DemoApplicationTests in 2.148 seconds (JVM running for 3.237)
2023-06-07 14:05:43.970  INFO 19600 --- [main] com.example.demo.DemoApplicationTests    : >>insert用户插入测试成功
2023-06-07 14:05:44.032  INFO 19600 --- [main] com.example.demo.DemoApplicationTests    : >>selectUserInfo用户登录测试成功
2023-06-07 14:05:44.066  INFO 19600 --- [main] com.example.demo.DemoApplicationTests    : >>queryUserList用户列表查询测试成功
